<?xml version="1.0" encoding="UTF-8"?>
<!-- Generated by org.testng.reporters.JUnitReportReporter -->
<testsuite skipped="0" hostname="Jyoti-computer" name="Util.BrowserFactory" tests="1" failures="0" timestamp="2020-07-31T15:50:50 CDT" time="9.610" errors="0">
  <testcase name="launchbrowser" time="9.610" classname="Util.BrowserFactory"/>
  <system-out/>
</testsuite> <!-- Util.BrowserFactory -->
