<?xml version="1.0" encoding="UTF-8"?>
<!-- Generated by org.testng.reporters.JUnitReportReporter -->
<testsuite skipped="0" hostname="Jyoti-computer" name="Test.Login_Test" tests="1" failures="0" timestamp="2020-08-01T12:37:37 CDT" time="1.946" errors="0">
  <testcase name="logintest" time="1.946" classname="Test.Login_Test"/>
  <system-out/>
</testsuite> <!-- Test.Login_Test -->
